<?xml version="1.0" encoding="UTF-8"?>
<robot generator="Robot 6.1.1 (Python 3.11.5 on win32)" generated="20240425 19:45:02.824" rpa="false" schemaversion="4">
<suite id="s1" name="Login" source="C:\Users\fadhi\OneDrive\Documents\Automation Sprint Asia\Robot-Konnek\devkonnek_revamp\Test_Suite_KonnekRevamp\login.robot">
<test id="s1-t1" name="TC_Login" line="12">
<kw name="Open browser Staging" library="steps">
<kw name="Set Selenium Speed" library="SeleniumLibrary">
<arg>0.2</arg>
<doc>Sets the delay that is waited after each Selenium command.</doc>
<status status="PASS" starttime="20240425 19:45:03.272" endtime="20240425 19:45:03.273"/>
</kw>
<kw name="Open Browser" library="SeleniumLibrary">
<arg>about:blank</arg>
<arg>browser=chrome</arg>
<doc>Opens a new browser instance to the optional ``url``.</doc>
<msg timestamp="20240425 19:45:03.273" level="INFO">Opening browser 'chrome' to base url 'about:blank'.</msg>
<msg timestamp="20240425 19:45:03.648" level="WARN">The chromedriver version (116.0.5845.96) detected in PATH at C:\Users\fadhi\OneDrive\Documents\Automation Sprint Asia\chromedriver-win64\chromedriver.exe might not be compatible with the detected chrome version (124.0.6367.78); currently, chromedriver 124.0.6367.78 is recommended for chrome 124.*, so it is advised to delete the driver in PATH and retry</msg>
<msg timestamp="20240425 19:45:06.868" level="INFO">Cannot capture screenshot because no browser is open.</msg>
<msg timestamp="20240425 19:45:06.868" level="FAIL">SessionNotCreatedException: Message: session not created: This version of ChromeDriver only supports Chrome version 116
Current browser version is 124.0.6367.78 with binary path C:\Program Files\Google\Chrome\Application\chrome.exe
Stacktrace:
	GetHandleVerifier [0x00007FF665D552A2+57122]
	(No symbol) [0x00007FF665CCEA92]
	(No symbol) [0x00007FF665B9E3AB]
	(No symbol) [0x00007FF665BC9FF5]
	(No symbol) [0x00007FF665BC5237]
	(No symbol) [0x00007FF665BC2FE1]
	(No symbol) [0x00007FF665BFEA4F]
	(No symbol) [0x00007FF665BFE5B0]
	(No symbol) [0x00007FF665BF6DB3]
	(No symbol) [0x00007FF665BCD2B1]
	(No symbol) [0x00007FF665BCE494]
	GetHandleVerifier [0x00007FF665FFEF82+2849794]
	GetHandleVerifier [0x00007FF666051D24+3189156]
	GetHandleVerifier [0x00007FF66604ACAF+3160367]
	GetHandleVerifier [0x00007FF665DE6D06+653702]
	(No symbol) [0x00007FF665CDA208]
	(No symbol) [0x00007FF665CD62C4]
	(No symbol) [0x00007FF665CD63F6]
	(No symbol) [0x00007FF665CC67A3]
	BaseThreadInitThunk [0x00007FFD9DD77344+20]
	RtlUserThreadStart [0x00007FFD9F8426B1+33]
</msg>
<status status="FAIL" starttime="20240425 19:45:03.273" endtime="20240425 19:45:06.871"/>
</kw>
<kw name="Maximize Browser Window" library="SeleniumLibrary">
<doc>Maximizes current browser window.</doc>
<status status="NOT RUN" starttime="20240425 19:45:06.871" endtime="20240425 19:45:06.871"/>
</kw>
<kw name="Go To" library="SeleniumLibrary">
<arg>${url_konnek_revamp}</arg>
<doc>Navigates the current browser window to the provided ``url``.</doc>
<status status="NOT RUN" starttime="20240425 19:45:06.871" endtime="20240425 19:45:06.871"/>
</kw>
<kw name="Run Keyword And Return Status" library="BuiltIn">
<var>${Reload}</var>
<arg>Page Should Contain Element</arg>
<arg>xpath=/html//div[@id='root']/div/div/div[@class='col']//section[@class='ant-layout']//div[@class='col-4']/div//form[@class='ant-form ant-form-horizontal']//button[@type='primary']</arg>
<doc>Runs the given keyword with given arguments and returns the status as a Boolean value.</doc>
<status status="NOT RUN" starttime="20240425 19:45:06.872" endtime="20240425 19:45:06.872"/>
</kw>
<while condition="${Reload} != ${TRUE}">
<iter>
<kw name="Run Keyword And Return Status" library="BuiltIn">
<var>${Reload}</var>
<arg>Page Should Contain Element</arg>
<arg>xpath=/html//div[@id='root']/div/div/div[@class='col']//section[@class='ant-layout']//div[@class='col-4']/div//form[@class='ant-form ant-form-horizontal']//button[@type='primary']</arg>
<doc>Runs the given keyword with given arguments and returns the status as a Boolean value.</doc>
<status status="NOT RUN" starttime="20240425 19:45:06.872" endtime="20240425 19:45:06.872"/>
</kw>
<status status="NOT RUN" starttime="20240425 19:45:06.872" endtime="20240425 19:45:06.872"/>
</iter>
<status status="NOT RUN" starttime="20240425 19:45:06.872" endtime="20240425 19:45:06.872"/>
</while>
<kw name="Capture Page Screenshot" library="SeleniumLibrary">
<doc>Takes a screenshot of the current page and embeds it into a log file.</doc>
<status status="NOT RUN" starttime="20240425 19:45:06.872" endtime="20240425 19:45:06.872"/>
</kw>
<kw name="Page Should Contain" library="SeleniumLibrary">
<arg>Konnek by Sprint Asia Technology</arg>
<doc>Verifies that current page contains ``text``.</doc>
<status status="NOT RUN" starttime="20240425 19:45:06.872" endtime="20240425 19:45:06.872"/>
</kw>
<kw name="Capture Page Screenshot" library="SeleniumLibrary">
<doc>Takes a screenshot of the current page and embeds it into a log file.</doc>
<status status="NOT RUN" starttime="20240425 19:45:06.872" endtime="20240425 19:45:06.872"/>
</kw>
<status status="FAIL" starttime="20240425 19:45:03.272" endtime="20240425 19:45:06.872"/>
</kw>
<kw name="Input Company ID, Email, Password" library="steps">
<status status="NOT RUN" starttime="20240425 19:45:06.873" endtime="20240425 19:45:06.873"/>
</kw>
<kw name="Klik Button Login" library="steps">
<status status="NOT RUN" starttime="20240425 19:45:06.873" endtime="20240425 19:45:06.873"/>
</kw>
<kw name="Close Browser" library="SeleniumLibrary">
<doc>Closes the current browser.</doc>
<status status="NOT RUN" starttime="20240425 19:45:06.874" endtime="20240425 19:45:06.874"/>
</kw>
<status status="FAIL" starttime="20240425 19:45:03.271" endtime="20240425 19:45:06.874">SessionNotCreatedException: Message: session not created: This version of ChromeDriver only supports Chrome version 116
Current browser version is 124.0.6367.78 with binary path C:\Program Files\Google\Chrome\Application\chrome.exe
Stacktrace:
	GetHandleVerifier [0x00007FF665D552A2+57122]
	(No symbol) [0x00007FF665CCEA92]
	(No symbol) [0x00007FF665B9E3AB]
	(No symbol) [0x00007FF665BC9FF5]
	(No symbol) [0x00007FF665BC5237]
	(No symbol) [0x00007FF665BC2FE1]
	(No symbol) [0x00007FF665BFEA4F]
	(No symbol) [0x00007FF665BFE5B0]
	(No symbol) [0x00007FF665BF6DB3]
	(No symbol) [0x00007FF665BCD2B1]
	(No symbol) [0x00007FF665BCE494]
	GetHandleVerifier [0x00007FF665FFEF82+2849794]
	GetHandleVerifier [0x00007FF666051D24+3189156]
	GetHandleVerifier [0x00007FF66604ACAF+3160367]
	GetHandleVerifier [0x00007FF665DE6D06+653702]
	(No symbol) [0x00007FF665CDA208]
	(No symbol) [0x00007FF665CD62C4]
	(No symbol) [0x00007FF665CD63F6]
	(No symbol) [0x00007FF665CC67A3]
	BaseThreadInitThunk [0x00007FFD9DD77344+20]
	RtlUserThreadStart [0x00007FFD9F8426B1+33]
</status>
</test>
<test id="s1-t2" name="TC_Login_Company ID Blank" line="17">
<kw name="Open browser Staging" library="steps">
<kw name="Set Selenium Speed" library="SeleniumLibrary">
<arg>0.2</arg>
<doc>Sets the delay that is waited after each Selenium command.</doc>
<status status="FAIL" starttime="20240425 19:45:10.940" endtime="20240425 19:45:10.940"/>
</kw>
<kw name="Open Browser" library="SeleniumLibrary">
<arg>about:blank</arg>
<arg>browser=chrome</arg>
<doc>Opens a new browser instance to the optional ``url``.</doc>
<status status="NOT RUN" starttime="20240425 19:45:10.941" endtime="20240425 19:45:10.941"/>
</kw>
<kw name="Maximize Browser Window" library="SeleniumLibrary">
<doc>Maximizes current browser window.</doc>
<status status="NOT RUN" starttime="20240425 19:45:10.941" endtime="20240425 19:45:10.941"/>
</kw>
<kw name="Go To" library="SeleniumLibrary">
<arg>${url_konnek_revamp}</arg>
<doc>Navigates the current browser window to the provided ``url``.</doc>
<status status="NOT RUN" starttime="20240425 19:45:10.941" endtime="20240425 19:45:10.941"/>
</kw>
<kw name="Run Keyword And Return Status" library="BuiltIn">
<var>${Reload}</var>
<arg>Page Should Contain Element</arg>
<arg>xpath=/html//div[@id='root']/div/div/div[@class='col']//section[@class='ant-layout']//div[@class='col-4']/div//form[@class='ant-form ant-form-horizontal']//button[@type='primary']</arg>
<doc>Runs the given keyword with given arguments and returns the status as a Boolean value.</doc>
<status status="NOT RUN" starttime="20240425 19:45:10.941" endtime="20240425 19:45:10.941"/>
</kw>
<while condition="${Reload} != ${TRUE}">
<iter>
<kw name="Run Keyword And Return Status" library="BuiltIn">
<var>${Reload}</var>
<arg>Page Should Contain Element</arg>
<arg>xpath=/html//div[@id='root']/div/div/div[@class='col']//section[@class='ant-layout']//div[@class='col-4']/div//form[@class='ant-form ant-form-horizontal']//button[@type='primary']</arg>
<doc>Runs the given keyword with given arguments and returns the status as a Boolean value.</doc>
<status status="NOT RUN" starttime="20240425 19:45:10.941" endtime="20240425 19:45:10.941"/>
</kw>
<status status="NOT RUN" starttime="20240425 19:45:10.941" endtime="20240425 19:45:10.941"/>
</iter>
<status status="NOT RUN" starttime="20240425 19:45:10.941" endtime="20240425 19:45:10.941"/>
</while>
<kw name="Capture Page Screenshot" library="SeleniumLibrary">
<doc>Takes a screenshot of the current page and embeds it into a log file.</doc>
<status status="NOT RUN" starttime="20240425 19:45:10.941" endtime="20240425 19:45:10.941"/>
</kw>
<kw name="Page Should Contain" library="SeleniumLibrary">
<arg>Konnek by Sprint Asia Technology</arg>
<doc>Verifies that current page contains ``text``.</doc>
<status status="NOT RUN" starttime="20240425 19:45:10.941" endtime="20240425 19:45:10.941"/>
</kw>
<kw name="Capture Page Screenshot" library="SeleniumLibrary">
<doc>Takes a screenshot of the current page and embeds it into a log file.</doc>
<status status="NOT RUN" starttime="20240425 19:45:10.941" endtime="20240425 19:45:10.941"/>
</kw>
<status status="FAIL" starttime="20240425 19:45:10.940" endtime="20240425 19:45:10.941"/>
</kw>
<kw name="Input Company ID Blank, Email, Password" library="steps">
<status status="NOT RUN" starttime="20240425 19:45:10.942" endtime="20240425 19:45:10.942"/>
</kw>
<kw name="Klik Button Login Company Blank" library="steps">
<status status="NOT RUN" starttime="20240425 19:45:10.943" endtime="20240425 19:45:10.943"/>
</kw>
<kw name="Close Browser" library="SeleniumLibrary">
<doc>Closes the current browser.</doc>
<status status="NOT RUN" starttime="20240425 19:45:10.943" endtime="20240425 19:45:10.943"/>
</kw>
<status status="FAIL" starttime="20240425 19:45:06.879" endtime="20240425 19:45:10.944">Execution terminated by signal</status>
</test>
<test id="s1-t3" name="TC_Login_Email Blank" line="22">
<tag>robot:exit</tag>
<status status="FAIL" starttime="20240425 19:45:10.944" endtime="20240425 19:45:10.945">Test execution stopped due to a fatal error.</status>
</test>
<test id="s1-t4" name="TC_Login_Password Blank" line="27">
<tag>robot:exit</tag>
<status status="FAIL" starttime="20240425 19:45:10.946" endtime="20240425 19:45:10.947">Test execution stopped due to a fatal error.</status>
</test>
<test id="s1-t5" name="TC_Login_All Blank" line="32">
<tag>robot:exit</tag>
<status status="FAIL" starttime="20240425 19:45:10.948" endtime="20240425 19:45:10.948">Test execution stopped due to a fatal error.</status>
</test>
<status status="FAIL" starttime="20240425 19:45:02.825" endtime="20240425 19:45:10.950"/>
</suite>
<statistics>
<total>
<stat pass="0" fail="5" skip="0">All Tests</stat>
</total>
<tag>
<stat pass="0" fail="2" skip="0" info="combined" combined="NOT robot:exit">NOT robot:exit</stat>
</tag>
<suite>
<stat pass="0" fail="5" skip="0" id="s1" name="Login">Login</stat>
</suite>
</statistics>
<errors>
<msg timestamp="20240425 19:45:03.648" level="WARN">The chromedriver version (116.0.5845.96) detected in PATH at C:\Users\fadhi\OneDrive\Documents\Automation Sprint Asia\chromedriver-win64\chromedriver.exe might not be compatible with the detected chrome version (124.0.6367.78); currently, chromedriver 124.0.6367.78 is recommended for chrome 124.*, so it is advised to delete the driver in PATH and retry</msg>
</errors>
</robot>
